<?xml version="1.0" encoding="UTF-8"?>
<testng-results ignored="0" total="2" passed="2" failed="0" skipped="0">
  <reporter-output>
  </reporter-output>
  <suite started-at="2023-06-30T01:01:21 PDT" name="Default suite" finished-at="2023-06-30T01:01:23 PDT" duration-ms="2125">
    <groups>
    </groups>
    <test started-at="2023-06-30T01:01:21 PDT" name="Default test" finished-at="2023-06-30T01:01:23 PDT" duration-ms="2125">
      <class name="Tests.Testone">
        <test-method signature="test_1()[pri:0, instance:Tests.Testone@a530d0a]" started-at="2023-06-30T01:01:21 PDT" name="test_1" finished-at="2023-06-30T01:01:22 PDT" duration-ms="1368" status="PASS">
          <reporter-output>
          </reporter-output>
        </test-method> <!-- test_1 -->
        <test-method signature="test_2()[pri:0, instance:Tests.Testone@a530d0a]" started-at="2023-06-30T01:01:22 PDT" name="test_2" finished-at="2023-06-30T01:01:23 PDT" duration-ms="706" status="PASS">
          <reporter-output>
          </reporter-output>
        </test-method> <!-- test_2 -->
      </class> <!-- Tests.Testone -->
    </test> <!-- Default test -->
  </suite> <!-- Default suite -->
</testng-results>
